ERROR - 2024-10-09 22:18:34 --> Email: Unable to send email using SMTP. Your server might not be configured to send mail using this method.
ERROR - 2024-10-09 22:18:34 --> 220 smtp.gmail.com ESMTP 3f1490d57ef6-e28ef6b8b3dsm765172276.9 - gsmtp

hello: 250-smtp.gmail.com at your service, [2803:c800:40a6:563d:f5fe:c351:954f:e5cc]
250-SIZE 35882577
250-8BITMIME
250-STARTTLS
250-ENHANCEDSTATUSCODES
250-PIPELINING
250-CHUNKING
250 SMTPUTF8

starttls: 220 2.0.0 Ready to start TLS

hello: 250-smtp.gmail.com at your service, [2803:c800:40a6:563d:f5fe:c351:954f:e5cc]
250-SIZE 35882577
250-8BITMIME
250-AUTH LOGIN PLAIN XOAUTH2 PLAIN-CLIENTTOKEN OAUTHBEARER XOAUTH
250-ENHANCEDSTATUSCODES
250-PIPELINING
250-CHUNKING
250 SMTPUTF8

Failed to authenticate password. Error: 535-5.7.8 Username and Password not accepted. For more information, go to
535 5.7.8  https://support.google.com/mail/?p=BadCredentials 3f1490d57ef6-e28ef6b8b3dsm765172276.9 - gsmtp

ERROR - 2024-10-09 22:19:08 --> Email: Unable to send email using SMTP. Your server might not be configured to send mail using this method.
ERROR - 2024-10-09 22:19:08 --> 220 smtp.gmail.com ESMTP 00721157ae682-6e2d93fe130sm20058857b3.144 - gsmtp

hello: 250-smtp.gmail.com at your service, [2803:c800:40a6:563d:f5fe:c351:954f:e5cc]
250-SIZE 35882577
250-8BITMIME
250-STARTTLS
250-ENHANCEDSTATUSCODES
250-PIPELINING
250-CHUNKING
250 SMTPUTF8

starttls: 220 2.0.0 Ready to start TLS

hello: 250-smtp.gmail.com at your service, [2803:c800:40a6:563d:f5fe:c351:954f:e5cc]
250-SIZE 35882577
250-8BITMIME
250-AUTH LOGIN PLAIN XOAUTH2 PLAIN-CLIENTTOKEN OAUTHBEARER XOAUTH
250-ENHANCEDSTATUSCODES
250-PIPELINING
250-CHUNKING
250 SMTPUTF8

Failed to authenticate password. Error: 535-5.7.8 Username and Password not accepted. For more information, go to
535 5.7.8  https://support.google.com/mail/?p=BadCredentials 00721157ae682-6e2d93fe130sm20058857b3.144 - gsmtp

CRITICAL - 2024-10-09 22:33:42 --> ParseError: Unclosed '{' on line 8
[Method: GET, Route: send-email]
in APPPATH/Config/Email.php on line 106.
 1 SYSTEMPATH/Autoloader/Autoloader.php(296): CodeIgniter\Autoloader\Autoloader->includeFile('/Applications/XAMPP/xamppfiles/htdocs/citemplate/app/Config/Email.php')
 2 SYSTEMPATH/Autoloader/Autoloader.php(272): CodeIgniter\Autoloader\Autoloader->loadInNamespace('Config\\Email')
 3 [internal function]: CodeIgniter\Autoloader\Autoloader->loadClass('Config\\Email')
 4 SYSTEMPATH/Config/Factories.php(297): class_exists('Config\\Email')
 5 SYSTEMPATH/Config/Factories.php(216): CodeIgniter\Config\Factories::locateClass([...], 'Config\\Email')
 6 SYSTEMPATH/Config/Factories.php(159): CodeIgniter\Config\Factories::getDefinedInstance([...], 'Config\\Email', [])
 7 SYSTEMPATH/Config/Factories.php(188): CodeIgniter\Config\Factories::__callStatic('config', [])
 8 SYSTEMPATH/Common.php(208): CodeIgniter\Config\Factories::get('config', 'Config\\Email')
 9 SYSTEMPATH/Config/Services.php(234): config('Config\\Email')
10 SYSTEMPATH/Config/BaseService.php(312): CodeIgniter\Config\Services::email(null, false)
11 SYSTEMPATH/Config/BaseService.php(251): CodeIgniter\Config\BaseService::__callStatic('email', [...])
12 SYSTEMPATH/Config/Services.php(230): CodeIgniter\Config\BaseService::getSharedInstance('email', null)
13 SYSTEMPATH/Config/BaseService.php(321): CodeIgniter\Config\Services::email()
14 APPPATH/Controllers/EmailController.php(10): CodeIgniter\Config\BaseService::__callStatic('email', [])
15 SYSTEMPATH/CodeIgniter.php(933): App\Controllers\EmailController->send_email()
16 SYSTEMPATH/CodeIgniter.php(509): CodeIgniter\CodeIgniter->runController(Object(App\Controllers\EmailController))
17 SYSTEMPATH/CodeIgniter.php(355): CodeIgniter\CodeIgniter->handleRequest(null, Object(Config\Cache), false)
18 SYSTEMPATH/Boot.php(325): CodeIgniter\CodeIgniter->run()
19 SYSTEMPATH/Boot.php(67): CodeIgniter\Boot::runCodeIgniter(Object(CodeIgniter\CodeIgniter))
20 FCPATH/index.php(56): CodeIgniter\Boot::bootWeb(Object(Config\Paths))
21 SYSTEMPATH/rewrite.php(44): require_once('/Applications/XAMPP/xamppfiles/htdocs/citemplate/public/index.php')
